<?xml version="1.0" encoding="UTF-8"?>
<!-- Generated by org.testng.reporters.JUnitReportReporter -->
<testsuite hostname="LAPTOP-OHIGMHR3" failures="0" tests="1" name="xpath.MouseAction" time="0.179" errors="0" timestamp="2025-01-20T12:26:30 IST" skipped="0">
  <testcase classname="xpath.MouseAction" name="mouseAction" time="0.179"/>
  <system-out/>
</testsuite> <!-- xpath.MouseAction -->
