<?xml version="1.0" encoding="UTF-8"?>
<!-- Generated by org.testng.reporters.JUnitReportReporter -->
<testsuite hostname="LAPTOP-OHIGMHR3" failures="0" tests="1" name="com.facebook.HandleLinks" time="15.630" errors="0" timestamp="2025-01-13T20:09:03 IST" skipped="0">
  <testcase classname="com.facebook.HandleLinks" name="test03" time="15.630"/>
  <system-out/>
</testsuite> <!-- com.facebook.HandleLinks -->
