<?xml version="1.0" encoding="UTF-8"?>
<!-- Generated by org.testng.reporters.JUnitReportReporter -->
<testsuite hostname="LAPTOP-OHIGMHR3" failures="0" tests="1" name="xpath.XpathDemo" time="0.010" errors="0" timestamp="2025-01-19T15:04:25 IST" skipped="0">
  <testcase classname="xpath.XpathDemo" name="createAccountFacebook" time="0.010"/>
  <system-out/>
</testsuite> <!-- xpath.XpathDemo -->
