<?xml version="1.0" encoding="UTF-8"?>
<!-- Generated by org.testng.reporters.JUnitReportReporter -->
<testsuite hostname="LAPTOP-OHIGMHR3" failures="0" tests="1" name="com.facebook.HandleBrowserWindow" time="2.493" errors="0" timestamp="2025-01-13T18:51:35 IST" skipped="0">
  <testcase classname="com.facebook.HandleBrowserWindow" name="test01" time="2.493"/>
  <system-out/>
</testsuite> <!-- com.facebook.HandleBrowserWindow -->
