<?xml version="1.0" encoding="UTF-8"?>
<!-- Generated by org.testng.reporters.JUnitReportReporter -->
<testsuite hostname="LAPTOP-OHIGMHR3" failures="0" tests="1" name="com.facebook.CreateAccount" time="11.430" errors="0" timestamp="2025-01-09T12:39:15 IST" skipped="0">
  <testcase classname="com.facebook.CreateAccount" name="createAccountFacebook" time="11.430"/>
  <system-out/>
</testsuite> <!-- com.facebook.CreateAccount -->
